生成启动时间为 2020/5/1 17:18:51。
     1>项目“E:\CPrictice\KLines\KLines\KLines.vcxproj”在节点 2 上(build 个目标)。
     1>InitializeBuildStatus:
         正在创建“Debug\KLines.unsuccessfulbuild”，因为已指定“AlwaysCreate”。
       ClCompile:
         所有输出均为最新。
         所有输出均为最新。
       ResourceCompile:
         C:\Program Files (x86)\Microsoft SDKs\Windows\v7.0A\bin\rc.exe /D _DEBUG /D _UNICODE /D UNICODE /D _AFXDLL /l"0x0804" /IDebug\ /nologo /fo"Debug\KLines.res" KLines.rc 
       ManifestResourceCompile:
         所有输出均为最新。
       Link:
         e:\software\visualStudio\VC\bin\link.exe /ERRORREPORT:PROMPT /OUT:"E:\CPrictice\KLines\Debug\KLines.exe" /INCREMENTAL /NOLOGO /MANIFEST /ManifestFile:"Debug\KLines.exe.intermediate.manifest" /MANIFESTUAC:"level='asInvoker' uiAccess='false'" /DEBUG /PDB:"E:\CPrictice\KLines\Debug\KLines.pdb" /SUBSYSTEM:WINDOWS /TLBID:1 /ENTRY:"wWinMainCRTStartup" /DYNAMICBASE /NXCOMPAT /IMPLIB:"E:\CPrictice\KLines\Debug\KLines.lib" /MACHINE:X86 Debug\KLines.res
         Debug\KLines.exe.embed.manifest.res
         Debug\KLines.obj
         Debug\KLinesDlg.obj
         Debug\stdafx.obj
         Debug\TabSheet.obj
         Debug\tab_kline.obj
         Debug\tab_number.obj
       Manifest:
         C:\Program Files (x86)\Microsoft SDKs\Windows\v7.0A\bin\mt.exe /nologo /verbose /out:"Debug\KLines.exe.embed.manifest" /manifest Debug\KLines.exe.intermediate.manifest e:\software\visualStudio\VC\Include\Manifest\dpiaware.manifest
         所有输出均为最新。
       LinkEmbedManifest:
         所有输出均为最新。
         KLines.vcxproj -> E:\CPrictice\KLines\Debug\KLines.exe
       FinalizeBuildStatus:
         正在删除文件“Debug\KLines.unsuccessfulbuild”。
         正在对“Debug\KLines.lastbuildstate”执行 Touch 任务。
     1>已完成生成项目“E:\CPrictice\KLines\KLines\KLines.vcxproj”(build 个目标)的操作。

生成成功。

已用时间 00:00:00.36
